Copyright 1986-2022 Xilinx, Inc. All Rights Reserved. Copyright 2022-2024 Advanced Micro Devices, Inc. All Rights Reserved.
---------------------------------------------------------------------------------------------------------------------------------------------
| Tool Version : Vivado v.2024.2 (win64) Build 5239630 Fri Nov 08 22:35:27 MST 2024
| Date         : Wed Mar 19 08:50:27 2025
| Host         : ChisaTaki running 64-bit major release  (build 9200)
| Command      : report_control_sets -verbose -file alchitry_top_control_sets_placed.rpt
| Design       : alchitry_top
| Device       : xc7a35t
---------------------------------------------------------------------------------------------------------------------------------------------

Control Set Information

Table of Contents
-----------------
1. Summary
2. Histogram
3. Flip-Flop Distribution
4. Detailed Control Set Information

1. Summary
----------

+----------------------------------------------------------+-------+
|                          Status                          | Count |
+----------------------------------------------------------+-------+
| Total control sets                                       |     9 |
|    Minimum number of control sets                        |     9 |
|    Addition due to synthesis replication                 |     0 |
|    Addition due to physical synthesis replication        |     0 |
| Unused register locations in slices containing registers |    28 |
+----------------------------------------------------------+-------+
* Control sets can be merged at opt_design using control_set_merge or merge_equivalent_drivers
** Run report_qor_suggestions for automated merging and remapping suggestions


2. Histogram
------------

+--------------------+-------+
|       Fanout       | Count |
+--------------------+-------+
| Total control sets |     9 |
| >= 0 to < 4        |     0 |
| >= 4 to < 6        |     1 |
| >= 6 to < 8        |     0 |
| >= 8 to < 10       |     1 |
| >= 10 to < 12      |     0 |
| >= 12 to < 14      |     0 |
| >= 14 to < 16      |     5 |
| >= 16              |     2 |
+--------------------+-------+
* Control sets can be remapped at either synth_design or opt_design


3. Flip-Flop Distribution
-------------------------

+--------------+-----------------------+------------------------+-----------------+--------------+
| Clock Enable | Synchronous Set/Reset | Asynchronous Set/Reset | Total Registers | Total Slices |
+--------------+-----------------------+------------------------+-----------------+--------------+
| No           | No                    | No                     |              17 |            9 |
| No           | No                    | Yes                    |               0 |            0 |
| No           | Yes                   | No                     |              69 |           23 |
| Yes          | No                    | No                     |               0 |            0 |
| Yes          | No                    | Yes                    |               0 |            0 |
| Yes          | Yes                   | No                     |              78 |           23 |
+--------------+-----------------------+------------------------+-----------------+--------------+


4. Detailed Control Set Information
-----------------------------------

+----------------+--------------------------------------------------------------------------+---------------------------------------------------------------------------+------------------+----------------+--------------+
|  Clock Signal  |                               Enable Signal                              |                              Set/Reset Signal                             | Slice Load Count | Bel Load Count | Bels / Slice |
+----------------+--------------------------------------------------------------------------+---------------------------------------------------------------------------+------------------+----------------+--------------+
|  clk_IBUF_BUFG |                                                                          | reset_cond/M_reset_cond_in                                                |                1 |              4 |         4.00 |
|  clk_IBUF_BUFG | alu_auto/D_test_index_d                                                  | reset_cond/Q[0]                                                           |                3 |              8 |         2.67 |
|  clk_IBUF_BUFG | alu_auto/forLoop_idx_0_921667751[0].io_button_cond/D_ctr_q[0]_i_2_n_0    | alu_auto/forLoop_idx_0_921667751[0].io_button_cond/sync/D_pipe_q_reg[1]_0 |                4 |             14 |         3.50 |
|  clk_IBUF_BUFG | alu_auto/forLoop_idx_0_921667751[1].io_button_cond/D_ctr_q[0]_i_2__3_n_0 | alu_auto/forLoop_idx_0_921667751[1].io_button_cond/sync/D_pipe_q_reg[1]_0 |                4 |             14 |         3.50 |
|  clk_IBUF_BUFG | alu_auto/forLoop_idx_0_921667751[2].io_button_cond/D_ctr_q[0]_i_2__2_n_0 | alu_auto/forLoop_idx_0_921667751[2].io_button_cond/sync/D_pipe_q_reg[1]_0 |                4 |             14 |         3.50 |
|  clk_IBUF_BUFG | alu_auto/forLoop_idx_0_921667751[3].io_button_cond/D_ctr_q[0]_i_2__1_n_0 | alu_auto/forLoop_idx_0_921667751[3].io_button_cond/sync/D_pipe_q_reg[1]_0 |                4 |             14 |         3.50 |
|  clk_IBUF_BUFG | alu_auto/forLoop_idx_0_921667751[4].io_button_cond/sel                   | alu_auto/forLoop_idx_0_921667751[4].io_button_cond/sync/clear             |                4 |             14 |         3.50 |
|  clk_IBUF_BUFG |                                                                          |                                                                           |                9 |             17 |         1.89 |
|  clk_IBUF_BUFG |                                                                          | reset_cond/Q[0]                                                           |               22 |             65 |         2.95 |
+----------------+--------------------------------------------------------------------------+---------------------------------------------------------------------------+------------------+----------------+--------------+


