
*** Running vivado
    with args -log alchitry_top.vds -m64 -product Vivado -mode batch -messageDb vivado.pb -notrace -source alchitry_top.tcl



****** Vivado v2024.2 (64-bit)
  **** SW Build 5239630 on Fri Nov 08 22:35:27 MST 2024
  **** IP Build 5239520 on Sun Nov 10 16:12:51 MST 2024
  **** SharedData Build 5239561 on Fri Nov 08 14:39:27 MST 2024
  **** Start of session at: Wed Mar 19 08:49:02 2025
    ** Copyright 1986-2022 Xilinx, Inc. All Rights Reserved.
    ** Copyright 2022-2024 Advanced Micro Devices, Inc. All Rights Reserved.

source alchitry_top.tcl -notrace
Command: synth_design -top alchitry_top -part xc7a35tftg256-1
Starting synth_design
Attempting to get a license for feature 'Synthesis' and/or device 'xc7a35t'
INFO: [Common 17-349] Got license for feature 'Synthesis' and/or device 'xc7a35t'
INFO: [Device 21-403] Loading part xc7a35tftg256-1
INFO: [Synth 8-7079] Multithreading enabled for synth_design using a maximum of 2 processes.
INFO: [Synth 8-7078] Launching helper process for spawning children vivado processes
INFO: [Synth 8-7075] Helper process launched with PID 2192
---------------------------------------------------------------------------------
Starting RTL Elaboration : Time (s): cpu = 00:00:05 ; elapsed = 00:00:05 . Memory (MB): peak = 986.594 ; gain = 467.438
---------------------------------------------------------------------------------
INFO: [Synth 8-6157] synthesizing module 'alchitry_top' [C:/Users/spyro/Alchitry/ALU_Checkoff/build/vivado/ALU_Checkoff.srcs/sources_1/imports/source/alchitry_top.sv:7]
INFO: [Synth 8-6157] synthesizing module 'reset_conditioner' [C:/Users/spyro/Alchitry/ALU_Checkoff/build/vivado/ALU_Checkoff.srcs/sources_1/imports/source/reset_conditioner.sv:7]
	Parameter STAGES bound to: 3'b100 
INFO: [Synth 8-6155] done synthesizing module 'reset_conditioner' (0#1) [C:/Users/spyro/Alchitry/ALU_Checkoff/build/vivado/ALU_Checkoff.srcs/sources_1/imports/source/reset_conditioner.sv:7]
INFO: [Synth 8-6157] synthesizing module 'alu_auto_tester' [C:/Users/spyro/Alchitry/ALU_Checkoff/build/vivado/ALU_Checkoff.srcs/sources_1/imports/source/alu_auto_tester.sv:7]
INFO: [Synth 8-6157] synthesizing module 'edge_detector' [C:/Users/spyro/Alchitry/ALU_Checkoff/build/vivado/ALU_Checkoff.srcs/sources_1/imports/source/edge_detector.sv:7]
	Parameter RISE bound to: 1'b1 
	Parameter FALL bound to: 1'b0 
INFO: [Synth 8-6155] done synthesizing module 'edge_detector' (0#1) [C:/Users/spyro/Alchitry/ALU_Checkoff/build/vivado/ALU_Checkoff.srcs/sources_1/imports/source/edge_detector.sv:7]
INFO: [Synth 8-6157] synthesizing module 'button_conditioner' [C:/Users/spyro/Alchitry/ALU_Checkoff/build/vivado/ALU_Checkoff.srcs/sources_1/imports/source/button_conditioner.sv:7]
	Parameter CLK_FREQ bound to: 24'b100110001001011010000000 
	Parameter MIN_DELAY bound to: 5'b10100 
	Parameter NUM_SYNC bound to: 2'b10 
INFO: [Synth 8-6157] synthesizing module 'pipeline' [C:/Users/spyro/Alchitry/ALU_Checkoff/build/vivado/ALU_Checkoff.srcs/sources_1/imports/source/pipeline.sv:7]
	Parameter DEPTH bound to: 2'b10 
INFO: [Synth 8-6155] done synthesizing module 'pipeline' (0#1) [C:/Users/spyro/Alchitry/ALU_Checkoff/build/vivado/ALU_Checkoff.srcs/sources_1/imports/source/pipeline.sv:7]
INFO: [Synth 8-6155] done synthesizing module 'button_conditioner' (0#1) [C:/Users/spyro/Alchitry/ALU_Checkoff/build/vivado/ALU_Checkoff.srcs/sources_1/imports/source/button_conditioner.sv:7]
INFO: [Synth 8-6157] synthesizing module 'alu' [C:/Users/spyro/Alchitry/ALU_Checkoff/build/vivado/ALU_Checkoff.srcs/sources_1/imports/source/alu.sv:7]
INFO: [Synth 8-6157] synthesizing module 'mux_4' [C:/Users/spyro/Alchitry/ALU_Checkoff/build/vivado/ALU_Checkoff.srcs/sources_1/imports/source/mux_4.sv:7]
INFO: [Synth 8-226] default block is never used [C:/Users/spyro/Alchitry/ALU_Checkoff/build/vivado/ALU_Checkoff.srcs/sources_1/imports/source/mux_4.sv:15]
INFO: [Synth 8-6155] done synthesizing module 'mux_4' (0#1) [C:/Users/spyro/Alchitry/ALU_Checkoff/build/vivado/ALU_Checkoff.srcs/sources_1/imports/source/mux_4.sv:7]
INFO: [Synth 8-6157] synthesizing module 'mux_2' [C:/Users/spyro/Alchitry/ALU_Checkoff/build/vivado/ALU_Checkoff.srcs/sources_1/imports/source/mux_2.sv:7]
INFO: [Synth 8-226] default block is never used [C:/Users/spyro/Alchitry/ALU_Checkoff/build/vivado/ALU_Checkoff.srcs/sources_1/imports/source/mux_2.sv:14]
INFO: [Synth 8-6155] done synthesizing module 'mux_2' (0#1) [C:/Users/spyro/Alchitry/ALU_Checkoff/build/vivado/ALU_Checkoff.srcs/sources_1/imports/source/mux_2.sv:7]
INFO: [Synth 8-6157] synthesizing module 'adder' [C:/Users/spyro/Alchitry/ALU_Checkoff/build/vivado/ALU_Checkoff.srcs/sources_1/imports/source/adder.sv:7]
INFO: [Synth 8-6157] synthesizing module 'rca' [C:/Users/spyro/Alchitry/ALU_Checkoff/build/vivado/ALU_Checkoff.srcs/sources_1/imports/source/rca.sv:7]
	Parameter SIZE bound to: 6'b100000 
INFO: [Synth 8-6157] synthesizing module 'fa' [C:/Users/spyro/Alchitry/ALU_Checkoff/build/vivado/ALU_Checkoff.srcs/sources_1/imports/source/fa.sv:7]
INFO: [Synth 8-6155] done synthesizing module 'fa' (0#1) [C:/Users/spyro/Alchitry/ALU_Checkoff/build/vivado/ALU_Checkoff.srcs/sources_1/imports/source/fa.sv:7]
INFO: [Synth 8-6155] done synthesizing module 'rca' (0#1) [C:/Users/spyro/Alchitry/ALU_Checkoff/build/vivado/ALU_Checkoff.srcs/sources_1/imports/source/rca.sv:7]
INFO: [Synth 8-6155] done synthesizing module 'adder' (0#1) [C:/Users/spyro/Alchitry/ALU_Checkoff/build/vivado/ALU_Checkoff.srcs/sources_1/imports/source/adder.sv:7]
INFO: [Synth 8-6157] synthesizing module 'compare' [C:/Users/spyro/Alchitry/ALU_Checkoff/build/vivado/ALU_Checkoff.srcs/sources_1/imports/source/compare.sv:7]
INFO: [Synth 8-6155] done synthesizing module 'compare' (0#1) [C:/Users/spyro/Alchitry/ALU_Checkoff/build/vivado/ALU_Checkoff.srcs/sources_1/imports/source/compare.sv:7]
INFO: [Synth 8-6157] synthesizing module 'boolean' [C:/Users/spyro/Alchitry/ALU_Checkoff/build/vivado/ALU_Checkoff.srcs/sources_1/imports/source/boolean.sv:7]
	Parameter SIZE bound to: 6'b100000 
INFO: [Synth 8-6155] done synthesizing module 'boolean' (0#1) [C:/Users/spyro/Alchitry/ALU_Checkoff/build/vivado/ALU_Checkoff.srcs/sources_1/imports/source/boolean.sv:7]
INFO: [Synth 8-6157] synthesizing module 'shifter' [C:/Users/spyro/Alchitry/ALU_Checkoff/build/vivado/ALU_Checkoff.srcs/sources_1/imports/source/shifter.sv:7]
INFO: [Synth 8-6155] done synthesizing module 'shifter' (0#1) [C:/Users/spyro/Alchitry/ALU_Checkoff/build/vivado/ALU_Checkoff.srcs/sources_1/imports/source/shifter.sv:7]
INFO: [Synth 8-6157] synthesizing module 'multiplier' [C:/Users/spyro/Alchitry/ALU_Checkoff/build/vivado/ALU_Checkoff.srcs/sources_1/imports/source/multiplier.sv:7]
	Parameter WIDTH bound to: 6'b100000 
INFO: [Synth 8-6155] done synthesizing module 'multiplier' (0#1) [C:/Users/spyro/Alchitry/ALU_Checkoff/build/vivado/ALU_Checkoff.srcs/sources_1/imports/source/multiplier.sv:7]
INFO: [Synth 8-6155] done synthesizing module 'alu' (0#1) [C:/Users/spyro/Alchitry/ALU_Checkoff/build/vivado/ALU_Checkoff.srcs/sources_1/imports/source/alu.sv:7]
INFO: [Synth 8-226] default block is never used [C:/Users/spyro/Alchitry/ALU_Checkoff/build/vivado/ALU_Checkoff.srcs/sources_1/imports/source/alu_auto_tester.sv:158]
INFO: [Synth 8-155] case statement is not full and has no default [C:/Users/spyro/Alchitry/ALU_Checkoff/build/vivado/ALU_Checkoff.srcs/sources_1/imports/source/alu_auto_tester.sv:170]
INFO: [Synth 8-6155] done synthesizing module 'alu_auto_tester' (0#1) [C:/Users/spyro/Alchitry/ALU_Checkoff/build/vivado/ALU_Checkoff.srcs/sources_1/imports/source/alu_auto_tester.sv:7]
INFO: [Synth 8-6155] done synthesizing module 'alchitry_top' (0#1) [C:/Users/spyro/Alchitry/ALU_Checkoff/build/vivado/ALU_Checkoff.srcs/sources_1/imports/source/alchitry_top.sv:7]
WARNING: [Synth 8-7129] Port alufn[5] in module shifter is either unconnected or has no load
WARNING: [Synth 8-7129] Port alufn[4] in module shifter is either unconnected or has no load
WARNING: [Synth 8-7129] Port alufn[3] in module shifter is either unconnected or has no load
WARNING: [Synth 8-7129] Port alufn[2] in module shifter is either unconnected or has no load
WARNING: [Synth 8-7129] Port alufn[5] in module boolean is either unconnected or has no load
WARNING: [Synth 8-7129] Port alufn[4] in module boolean is either unconnected or has no load
WARNING: [Synth 8-7129] Port alufn[5] in module compare is either unconnected or has no load
WARNING: [Synth 8-7129] Port alufn[4] in module compare is either unconnected or has no load
WARNING: [Synth 8-7129] Port alufn[3] in module compare is either unconnected or has no load
WARNING: [Synth 8-7129] Port alufn[0] in module compare is either unconnected or has no load
WARNING: [Synth 8-7129] Port alufn[5] in module adder is either unconnected or has no load
WARNING: [Synth 8-7129] Port alufn[4] in module adder is either unconnected or has no load
WARNING: [Synth 8-7129] Port alufn[3] in module adder is either unconnected or has no load
WARNING: [Synth 8-7129] Port alufn[2] in module adder is either unconnected or has no load
WARNING: [Synth 8-7129] Port alufn[1] in module adder is either unconnected or has no load
WARNING: [Synth 8-7129] Port io_dip[2][5] in module alu_auto_tester is either unconnected or has no load
WARNING: [Synth 8-7129] Port io_dip[2][4] in module alu_auto_tester is either unconnected or has no load
WARNING: [Synth 8-7129] Port io_dip[2][3] in module alu_auto_tester is either unconnected or has no load
WARNING: [Synth 8-7129] Port io_dip[2][2] in module alu_auto_tester is either unconnected or has no load
WARNING: [Synth 8-7129] Port io_dip[2][1] in module alu_auto_tester is either unconnected or has no load
WARNING: [Synth 8-7129] Port io_dip[2][0] in module alu_auto_tester is either unconnected or has no load
WARNING: [Synth 8-7129] Port io_dip[1][7] in module alu_auto_tester is either unconnected or has no load
WARNING: [Synth 8-7129] Port io_dip[1][6] in module alu_auto_tester is either unconnected or has no load
WARNING: [Synth 8-7129] Port io_dip[1][5] in module alu_auto_tester is either unconnected or has no load
WARNING: [Synth 8-7129] Port io_dip[1][4] in module alu_auto_tester is either unconnected or has no load
WARNING: [Synth 8-7129] Port io_dip[1][3] in module alu_auto_tester is either unconnected or has no load
WARNING: [Synth 8-7129] Port io_dip[1][2] in module alu_auto_tester is either unconnected or has no load
WARNING: [Synth 8-7129] Port io_dip[1][1] in module alu_auto_tester is either unconnected or has no load
WARNING: [Synth 8-7129] Port io_dip[1][0] in module alu_auto_tester is either unconnected or has no load
WARNING: [Synth 8-7129] Port io_dip[0][7] in module alu_auto_tester is either unconnected or has no load
WARNING: [Synth 8-7129] Port io_dip[0][6] in module alu_auto_tester is either unconnected or has no load
WARNING: [Synth 8-7129] Port io_dip[0][5] in module alu_auto_tester is either unconnected or has no load
WARNING: [Synth 8-7129] Port io_dip[0][4] in module alu_auto_tester is either unconnected or has no load
WARNING: [Synth 8-7129] Port io_dip[0][3] in module alu_auto_tester is either unconnected or has no load
WARNING: [Synth 8-7129] Port io_dip[0][2] in module alu_auto_tester is either unconnected or has no load
WARNING: [Synth 8-7129] Port io_dip[0][1] in module alu_auto_tester is either unconnected or has no load
WARNING: [Synth 8-7129] Port io_dip[0][0] in module alu_auto_tester is either unconnected or has no load
---------------------------------------------------------------------------------
Finished RTL Elaboration : Time (s): cpu = 00:00:07 ; elapsed = 00:00:08 . Memory (MB): peak = 1136.676 ; gain = 617.520
---------------------------------------------------------------------------------
---------------------------------------------------------------------------------
Start Handling Custom Attributes
---------------------------------------------------------------------------------
---------------------------------------------------------------------------------
Finished Handling Custom Attributes : Time (s): cpu = 00:00:07 ; elapsed = 00:00:08 . Memory (MB): peak = 1136.676 ; gain = 617.520
---------------------------------------------------------------------------------
---------------------------------------------------------------------------------
Finished RTL Optimization Phase 1 : Time (s): cpu = 00:00:07 ; elapsed = 00:00:08 . Memory (MB): peak = 1136.676 ; gain = 617.520
---------------------------------------------------------------------------------
Netlist sorting complete. Time (s): cpu = 00:00:01 ; elapsed = 00:00:00.050 . Memory (MB): peak = 1136.676 ; gain = 0.000
INFO: [Project 1-570] Preparing netlist for logic optimization

Processing XDC Constraints
Initializing timing engine
Parsing XDC File [C:/Users/spyro/Alchitry/ALU_Checkoff/build/constraint/alchitry.xdc]
Finished Parsing XDC File [C:/Users/spyro/Alchitry/ALU_Checkoff/build/constraint/alchitry.xdc]
INFO: [Project 1-236] Implementation specific constraints were found while reading constraint file [C:/Users/spyro/Alchitry/ALU_Checkoff/build/constraint/alchitry.xdc]. These constraints will be ignored for synthesis but will be used in implementation. Impacted constraints are listed in the file [.Xil/alchitry_top_propImpl.xdc].
Resolution: To avoid this warning, move constraints listed in [.Xil/alchitry_top_propImpl.xdc] to another XDC file and exclude this new file from synthesis with the used_in_synthesis property (File Properties dialog in GUI) and re-run elaboration/synthesis.
Parsing XDC File [C:/Users/spyro/Alchitry/ALU_Checkoff/build/constraint/au_props.xdc]
Finished Parsing XDC File [C:/Users/spyro/Alchitry/ALU_Checkoff/build/constraint/au_props.xdc]
Completed Processing XDC Constraints

Netlist sorting complete. Time (s): cpu = 00:00:00 ; elapsed = 00:00:00.006 . Memory (MB): peak = 1226.898 ; gain = 0.000
INFO: [Project 1-111] Unisim Transformation Summary:
No Unisim elements were transformed.

Constraint Validation Runtime : Time (s): cpu = 00:00:01 ; elapsed = 00:00:00.030 . Memory (MB): peak = 1226.898 ; gain = 0.000
---------------------------------------------------------------------------------
Finished Constraint Validation : Time (s): cpu = 00:00:16 ; elapsed = 00:00:17 . Memory (MB): peak = 1226.898 ; gain = 707.742
---------------------------------------------------------------------------------
---------------------------------------------------------------------------------
Start Loading Part and Timing Information
---------------------------------------------------------------------------------
Loading part: xc7a35tftg256-1
---------------------------------------------------------------------------------
Finished Loading Part and Timing Information : Time (s): cpu = 00:00:16 ; elapsed = 00:00:17 . Memory (MB): peak = 1226.898 ; gain = 707.742
---------------------------------------------------------------------------------
---------------------------------------------------------------------------------
Start Applying 'set_property' XDC Constraints
---------------------------------------------------------------------------------
---------------------------------------------------------------------------------
Finished applying 'set_property' XDC Constraints : Time (s): cpu = 00:00:16 ; elapsed = 00:00:17 . Memory (MB): peak = 1226.898 ; gain = 707.742
---------------------------------------------------------------------------------
INFO: [Synth 8-802] inferred FSM for state register 'D_states_q_reg' in module 'alu_auto_tester'
---------------------------------------------------------------------------------------------------
                   State |                     New Encoding |                Previous Encoding 
---------------------------------------------------------------------------------------------------
                 iSTATE2 |                              000 |                              000
                  iSTATE |                              001 |                              011
                 iSTATE0 |                              010 |                              010
                 iSTATE3 |                              011 |                              001
                 iSTATE1 |                              100 |                              100
---------------------------------------------------------------------------------------------------
INFO: [Synth 8-3354] encoded FSM with state register 'D_states_q_reg' using encoding 'sequential' in module 'alu_auto_tester'
---------------------------------------------------------------------------------
Finished RTL Optimization Phase 2 : Time (s): cpu = 00:00:17 ; elapsed = 00:00:19 . Memory (MB): peak = 1226.898 ; gain = 707.742
---------------------------------------------------------------------------------
---------------------------------------------------------------------------------
Start RTL Component Statistics 
---------------------------------------------------------------------------------
Detailed RTL Component Info : 
+---Adders : 
	   2 Input    8 Bit       Adders := 2     
	   2 Input    3 Bit       Adders := 1     
+---XORs : 
	   2 Input     32 Bit         XORs := 1     
	   3 Input      1 Bit         XORs := 1056  
	   2 Input      1 Bit         XORs := 1     
+---Registers : 
	               16 Bit    Registers := 2     
	                8 Bit    Registers := 1     
	                4 Bit    Registers := 2     
	                2 Bit    Registers := 5     
	                1 Bit    Registers := 9     
+---Muxes : 
	   4 Input   32 Bit        Muxes := 1     
	   2 Input   32 Bit        Muxes := 1     
	   2 Input    8 Bit        Muxes := 6     
	   3 Input    8 Bit        Muxes := 4     
	   5 Input    8 Bit        Muxes := 1     
	   4 Input    8 Bit        Muxes := 1     
	   5 Input    4 Bit        Muxes := 1     
	   5 Input    3 Bit        Muxes := 1     
	   2 Input    3 Bit        Muxes := 7     
	   4 Input    2 Bit        Muxes := 160   
	   2 Input    2 Bit        Muxes := 387   
	   4 Input    1 Bit        Muxes := 65    
	   2 Input    1 Bit        Muxes := 614   
	   5 Input    1 Bit        Muxes := 6     
---------------------------------------------------------------------------------
Finished RTL Component Statistics 
---------------------------------------------------------------------------------
---------------------------------------------------------------------------------
Start Part Resource Summary
---------------------------------------------------------------------------------
Part Resources:
DSPs: 90 (col length:60)
BRAMs: 100 (col length: RAMB18 60 RAMB36 30)
---------------------------------------------------------------------------------
Finished Part Resource Summary
---------------------------------------------------------------------------------
---------------------------------------------------------------------------------
Start Cross Boundary and Area Optimization
---------------------------------------------------------------------------------
WARNING: [Synth 8-7080] Parallel synthesis criteria is not met
WARNING: [Synth 8-3917] design alchitry_top has port led[5] driven by constant 0
WARNING: [Synth 8-3917] design alchitry_top has port led[4] driven by constant 0
WARNING: [Synth 8-3917] design alchitry_top has port led[3] driven by constant 0
WARNING: [Synth 8-3917] design alchitry_top has port led[2] driven by constant 0
WARNING: [Synth 8-3917] design alchitry_top has port led[1] driven by constant 0
WARNING: [Synth 8-3917] design alchitry_top has port led[0] driven by constant 0
WARNING: [Synth 8-3917] design alchitry_top has port io_segment[7] driven by constant 0
WARNING: [Synth 8-3917] design alchitry_top has port io_segment[6] driven by constant 0
WARNING: [Synth 8-3917] design alchitry_top has port io_segment[5] driven by constant 0
WARNING: [Synth 8-3917] design alchitry_top has port io_segment[4] driven by constant 0
WARNING: [Synth 8-3917] design alchitry_top has port io_segment[3] driven by constant 0
WARNING: [Synth 8-3917] design alchitry_top has port io_segment[2] driven by constant 0
WARNING: [Synth 8-3917] design alchitry_top has port io_segment[1] driven by constant 0
WARNING: [Synth 8-3917] design alchitry_top has port io_segment[0] driven by constant 0
WARNING: [Synth 8-3917] design alchitry_top has port io_select[3] driven by constant 1
WARNING: [Synth 8-3917] design alchitry_top has port io_select[2] driven by constant 1
WARNING: [Synth 8-3917] design alchitry_top has port io_select[1] driven by constant 1
WARNING: [Synth 8-3917] design alchitry_top has port io_select[0] driven by constant 1
WARNING: [Synth 8-7129] Port alufn[5] in module shifter is either unconnected or has no load
WARNING: [Synth 8-7129] Port alufn[4] in module shifter is either unconnected or has no load
WARNING: [Synth 8-7129] Port alufn[3] in module shifter is either unconnected or has no load
WARNING: [Synth 8-7129] Port alufn[2] in module shifter is either unconnected or has no load
WARNING: [Synth 8-7129] Port io_dip[2][5] in module alchitry_top is either unconnected or has no load
WARNING: [Synth 8-7129] Port io_dip[2][4] in module alchitry_top is either unconnected or has no load
WARNING: [Synth 8-7129] Port io_dip[2][3] in module alchitry_top is either unconnected or has no load
WARNING: [Synth 8-7129] Port io_dip[2][2] in module alchitry_top is either unconnected or has no load
WARNING: [Synth 8-7129] Port io_dip[2][1] in module alchitry_top is either unconnected or has no load
WARNING: [Synth 8-7129] Port io_dip[2][0] in module alchitry_top is either unconnected or has no load
WARNING: [Synth 8-7129] Port io_dip[1][7] in module alchitry_top is either unconnected or has no load
WARNING: [Synth 8-7129] Port io_dip[1][6] in module alchitry_top is either unconnected or has no load
WARNING: [Synth 8-7129] Port io_dip[1][5] in module alchitry_top is either unconnected or has no load
WARNING: [Synth 8-7129] Port io_dip[1][4] in module alchitry_top is either unconnected or has no load
WARNING: [Synth 8-7129] Port io_dip[1][3] in module alchitry_top is either unconnected or has no load
WARNING: [Synth 8-7129] Port io_dip[1][2] in module alchitry_top is either unconnected or has no load
WARNING: [Synth 8-7129] Port io_dip[1][1] in module alchitry_top is either unconnected or has no load
WARNING: [Synth 8-7129] Port io_dip[1][0] in module alchitry_top is either unconnected or has no load
WARNING: [Synth 8-7129] Port io_dip[0][7] in module alchitry_top is either unconnected or has no load
WARNING: [Synth 8-7129] Port io_dip[0][6] in module alchitry_top is either unconnected or has no load
WARNING: [Synth 8-7129] Port io_dip[0][5] in module alchitry_top is either unconnected or has no load
WARNING: [Synth 8-7129] Port io_dip[0][4] in module alchitry_top is either unconnected or has no load
WARNING: [Synth 8-7129] Port io_dip[0][3] in module alchitry_top is either unconnected or has no load
WARNING: [Synth 8-7129] Port io_dip[0][2] in module alchitry_top is either unconnected or has no load
WARNING: [Synth 8-7129] Port io_dip[0][1] in module alchitry_top is either unconnected or has no load
WARNING: [Synth 8-7129] Port io_dip[0][0] in module alchitry_top is either unconnected or has no load
---------------------------------------------------------------------------------
Finished Cross Boundary and Area Optimization : Time (s): cpu = 00:00:26 ; elapsed = 00:00:28 . Memory (MB): peak = 1274.547 ; gain = 755.391
---------------------------------------------------------------------------------
---------------------------------------------------------------------------------
Start ROM, RAM, DSP, Shift Register and Retiming Reporting
---------------------------------------------------------------------------------

ROM: Preliminary Mapping Report
+----------------+-----------------+---------------+----------------+
|Module Name     | RTL Object      | Depth x Width | Implemented As | 
+----------------+-----------------+---------------+----------------+
|alu_auto_tester | ANSWER          | 64x10         | LUT            | 
|alu_auto_tester | INPUTS          | 64x21         | LUT            | 
|alchitry_top    | alu_auto/INPUTS | 64x21         | LUT            | 
|alchitry_top    | alu_auto/ANSWER | 64x10         | LUT            | 
+----------------+-----------------+---------------+----------------+

---------------------------------------------------------------------------------
Finished ROM, RAM, DSP, Shift Register and Retiming Reporting
---------------------------------------------------------------------------------
---------------------------------------------------------------------------------
Start Applying XDC Timing Constraints
---------------------------------------------------------------------------------
---------------------------------------------------------------------------------
Finished Applying XDC Timing Constraints : Time (s): cpu = 00:00:30 ; elapsed = 00:00:32 . Memory (MB): peak = 1334.152 ; gain = 814.996
---------------------------------------------------------------------------------
---------------------------------------------------------------------------------
Start Timing Optimization
---------------------------------------------------------------------------------
---------------------------------------------------------------------------------
Finished Timing Optimization : Time (s): cpu = 00:00:38 ; elapsed = 00:00:40 . Memory (MB): peak = 1488.289 ; gain = 969.133
---------------------------------------------------------------------------------
---------------------------------------------------------------------------------
Start Technology Mapping
---------------------------------------------------------------------------------
---------------------------------------------------------------------------------
Finished Technology Mapping : Time (s): cpu = 00:00:39 ; elapsed = 00:00:41 . Memory (MB): peak = 1523.062 ; gain = 1003.906
---------------------------------------------------------------------------------
---------------------------------------------------------------------------------
Start IO Insertion
---------------------------------------------------------------------------------
---------------------------------------------------------------------------------
Start Flattening Before IO Insertion
---------------------------------------------------------------------------------
---------------------------------------------------------------------------------
Finished Flattening Before IO Insertion
---------------------------------------------------------------------------------
---------------------------------------------------------------------------------
Start Final Netlist Cleanup
---------------------------------------------------------------------------------
---------------------------------------------------------------------------------
Finished Final Netlist Cleanup
---------------------------------------------------------------------------------
---------------------------------------------------------------------------------
Finished IO Insertion : Time (s): cpu = 00:00:43 ; elapsed = 00:00:45 . Memory (MB): peak = 1627.680 ; gain = 1108.523
---------------------------------------------------------------------------------
---------------------------------------------------------------------------------
Start Renaming Generated Instances
---------------------------------------------------------------------------------
---------------------------------------------------------------------------------
Finished Renaming Generated Instances : Time (s): cpu = 00:00:43 ; elapsed = 00:00:45 . Memory (MB): peak = 1627.680 ; gain = 1108.523
---------------------------------------------------------------------------------
---------------------------------------------------------------------------------
Start Rebuilding User Hierarchy
---------------------------------------------------------------------------------
---------------------------------------------------------------------------------
Finished Rebuilding User Hierarchy : Time (s): cpu = 00:00:43 ; elapsed = 00:00:46 . Memory (MB): peak = 1627.680 ; gain = 1108.523
---------------------------------------------------------------------------------
---------------------------------------------------------------------------------
Start Renaming Generated Ports
---------------------------------------------------------------------------------
---------------------------------------------------------------------------------
Finished Renaming Generated Ports : Time (s): cpu = 00:00:43 ; elapsed = 00:00:46 . Memory (MB): peak = 1627.680 ; gain = 1108.523
---------------------------------------------------------------------------------
---------------------------------------------------------------------------------
Start Handling Custom Attributes
---------------------------------------------------------------------------------
---------------------------------------------------------------------------------
Finished Handling Custom Attributes : Time (s): cpu = 00:00:43 ; elapsed = 00:00:46 . Memory (MB): peak = 1627.680 ; gain = 1108.523
---------------------------------------------------------------------------------
---------------------------------------------------------------------------------
Start Renaming Generated Nets
---------------------------------------------------------------------------------
---------------------------------------------------------------------------------
Finished Renaming Generated Nets : Time (s): cpu = 00:00:43 ; elapsed = 00:00:46 . Memory (MB): peak = 1627.680 ; gain = 1108.523
---------------------------------------------------------------------------------
---------------------------------------------------------------------------------
Start Writing Synthesis Report
---------------------------------------------------------------------------------

Report BlackBoxes: 
+-+--------------+----------+
| |BlackBox name |Instances |
+-+--------------+----------+
+-+--------------+----------+

Report Cell Usage: 
+------+-------+------+
|      |Cell   |Count |
+------+-------+------+
|1     |BUFG   |     1|
|2     |CARRY4 |    30|
|3     |LUT1   |    30|
|4     |LUT2   |    59|
|5     |LUT3   |    31|
|6     |LUT4   |   229|
|7     |LUT5   |    76|
|8     |LUT6   |   773|
|9     |FDRE   |   160|
|10    |FDSE   |     4|
|11    |IBUF   |    10|
|12    |OBUF   |    45|
+------+-------+------+
---------------------------------------------------------------------------------
Finished Writing Synthesis Report : Time (s): cpu = 00:00:43 ; elapsed = 00:00:46 . Memory (MB): peak = 1627.680 ; gain = 1108.523
---------------------------------------------------------------------------------
Synthesis finished with 0 errors, 0 critical warnings and 45 warnings.
Synthesis Optimization Runtime : Time (s): cpu = 00:00:33 ; elapsed = 00:00:43 . Memory (MB): peak = 1627.680 ; gain = 1018.301
Synthesis Optimization Complete : Time (s): cpu = 00:00:43 ; elapsed = 00:00:46 . Memory (MB): peak = 1627.680 ; gain = 1108.523
INFO: [Project 1-571] Translating synthesized netlist
Netlist sorting complete. Time (s): cpu = 00:00:00 ; elapsed = 00:00:00.009 . Memory (MB): peak = 1636.898 ; gain = 0.000
INFO: [Netlist 29-17] Analyzing 30 Unisim elements for replacement
INFO: [Netlist 29-28] Unisim Transformation completed in 0 CPU seconds
WARNING: [Netlist 29-101] Netlist 'alchitry_top' is not ideal for floorplanning, since the cellview 'alu_auto_tester' contains a large number of primitives.  Please consider enabling hierarchy in synthesis if you want to do floorplanning.
INFO: [Project 1-570] Preparing netlist for logic optimization
INFO: [Opt 31-138] Pushed 0 inverter(s) to 0 load pin(s).
Netlist sorting complete. Time (s): cpu = 00:00:00 ; elapsed = 00:00:00.001 . Memory (MB): peak = 1640.566 ; gain = 0.000
INFO: [Project 1-111] Unisim Transformation Summary:
No Unisim elements were transformed.

Synth Design complete | Checksum: f4f4e413
INFO: [Common 17-83] Releasing license: Synthesis
53 Infos, 83 Warnings, 0 Critical Warnings and 0 Errors encountered.
synth_design completed successfully
synth_design: Time (s): cpu = 00:00:46 ; elapsed = 00:00:51 . Memory (MB): peak = 1640.566 ; gain = 1314.520
Write ShapeDB Complete: Time (s): cpu = 00:00:00 ; elapsed = 00:00:00.003 . Memory (MB): peak = 1640.566 ; gain = 0.000
INFO: [Common 17-1381] The checkpoint 'C:/Users/spyro/Alchitry/ALU_Checkoff/build/vivado/ALU_Checkoff.runs/synth_1/alchitry_top.dcp' has been generated.
INFO: [Vivado 12-24828] Executing command : report_utilization -file alchitry_top_utilization_synth.rpt -pb alchitry_top_utilization_synth.pb
INFO: [Common 17-206] Exiting Vivado at Wed Mar 19 08:49:56 2025...
